[2017-04-25 01:01:08,876] TRACE [Controller 0]: checking need to trigger partition rebalance (kafka.controller.KafkaController)
[2017-04-25 01:01:08,877] DEBUG [Controller 0]: preferred replicas by broker Map(1 -> Map([twitter-topic,1] -> List(1, 0)), 0 -> Map([twitter-topic,0] -> List(0, 1))) (kafka.controller.KafkaController)
[2017-04-25 01:01:08,877] DEBUG [Controller 0]: topics not in preferred replica Map() (kafka.controller.KafkaController)
[2017-04-25 01:01:08,877] TRACE [Controller 0]: leader imbalance ratio for broker 1 is 0.000000 (kafka.controller.KafkaController)
[2017-04-25 01:01:08,877] DEBUG [Controller 0]: topics not in preferred replica Map() (kafka.controller.KafkaController)
[2017-04-25 01:01:08,877] TRACE [Controller 0]: leader imbalance ratio for broker 0 is 0.000000 (kafka.controller.KafkaController)
[2017-04-25 01:06:08,886] TRACE [Controller 0]: checking need to trigger partition rebalance (kafka.controller.KafkaController)
[2017-04-25 01:06:08,889] DEBUG [Controller 0]: preferred replicas by broker Map(1 -> Map([twitter-topic,1] -> List(1, 0)), 0 -> Map([twitter-topic,0] -> List(0, 1))) (kafka.controller.KafkaController)
[2017-04-25 01:06:08,889] DEBUG [Controller 0]: topics not in preferred replica Map() (kafka.controller.KafkaController)
[2017-04-25 01:06:08,889] TRACE [Controller 0]: leader imbalance ratio for broker 1 is 0.000000 (kafka.controller.KafkaController)
[2017-04-25 01:06:08,889] DEBUG [Controller 0]: topics not in preferred replica Map() (kafka.controller.KafkaController)
[2017-04-25 01:06:08,890] TRACE [Controller 0]: leader imbalance ratio for broker 0 is 0.000000 (kafka.controller.KafkaController)
[2017-04-25 01:11:08,899] TRACE [Controller 0]: checking need to trigger partition rebalance (kafka.controller.KafkaController)
[2017-04-25 01:11:08,902] DEBUG [Controller 0]: preferred replicas by broker Map(1 -> Map([twitter-topic,1] -> List(1, 0)), 0 -> Map([twitter-topic,0] -> List(0, 1))) (kafka.controller.KafkaController)
[2017-04-25 01:11:08,902] DEBUG [Controller 0]: topics not in preferred replica Map() (kafka.controller.KafkaController)
[2017-04-25 01:11:08,902] TRACE [Controller 0]: leader imbalance ratio for broker 1 is 0.000000 (kafka.controller.KafkaController)
[2017-04-25 01:11:08,902] DEBUG [Controller 0]: topics not in preferred replica Map() (kafka.controller.KafkaController)
[2017-04-25 01:11:08,902] TRACE [Controller 0]: leader imbalance ratio for broker 0 is 0.000000 (kafka.controller.KafkaController)
[2017-04-25 01:16:08,911] TRACE [Controller 0]: checking need to trigger partition rebalance (kafka.controller.KafkaController)
[2017-04-25 01:16:08,913] DEBUG [Controller 0]: preferred replicas by broker Map(1 -> Map([twitter-topic,1] -> List(1, 0)), 0 -> Map([twitter-topic,0] -> List(0, 1))) (kafka.controller.KafkaController)
[2017-04-25 01:16:08,914] DEBUG [Controller 0]: topics not in preferred replica Map() (kafka.controller.KafkaController)
[2017-04-25 01:16:08,914] TRACE [Controller 0]: leader imbalance ratio for broker 1 is 0.000000 (kafka.controller.KafkaController)
[2017-04-25 01:16:08,914] DEBUG [Controller 0]: topics not in preferred replica Map() (kafka.controller.KafkaController)
[2017-04-25 01:16:08,914] TRACE [Controller 0]: leader imbalance ratio for broker 0 is 0.000000 (kafka.controller.KafkaController)
[2017-04-25 01:21:08,924] TRACE [Controller 0]: checking need to trigger partition rebalance (kafka.controller.KafkaController)
[2017-04-25 01:21:08,927] DEBUG [Controller 0]: preferred replicas by broker Map(1 -> Map([twitter-topic,1] -> List(1, 0)), 0 -> Map([twitter-topic,0] -> List(0, 1))) (kafka.controller.KafkaController)
[2017-04-25 01:21:08,927] DEBUG [Controller 0]: topics not in preferred replica Map() (kafka.controller.KafkaController)
[2017-04-25 01:21:08,927] TRACE [Controller 0]: leader imbalance ratio for broker 1 is 0.000000 (kafka.controller.KafkaController)
[2017-04-25 01:21:08,927] DEBUG [Controller 0]: topics not in preferred replica Map() (kafka.controller.KafkaController)
[2017-04-25 01:21:08,927] TRACE [Controller 0]: leader imbalance ratio for broker 0 is 0.000000 (kafka.controller.KafkaController)
[2017-04-25 01:26:08,938] TRACE [Controller 0]: checking need to trigger partition rebalance (kafka.controller.KafkaController)
[2017-04-25 01:26:08,940] DEBUG [Controller 0]: preferred replicas by broker Map(1 -> Map([twitter-topic,1] -> List(1, 0)), 0 -> Map([twitter-topic,0] -> List(0, 1))) (kafka.controller.KafkaController)
[2017-04-25 01:26:08,941] DEBUG [Controller 0]: topics not in preferred replica Map() (kafka.controller.KafkaController)
[2017-04-25 01:26:08,941] TRACE [Controller 0]: leader imbalance ratio for broker 1 is 0.000000 (kafka.controller.KafkaController)
[2017-04-25 01:26:08,941] DEBUG [Controller 0]: topics not in preferred replica Map() (kafka.controller.KafkaController)
[2017-04-25 01:26:08,941] TRACE [Controller 0]: leader imbalance ratio for broker 0 is 0.000000 (kafka.controller.KafkaController)
[2017-04-25 01:31:08,952] TRACE [Controller 0]: checking need to trigger partition rebalance (kafka.controller.KafkaController)
[2017-04-25 01:31:08,955] DEBUG [Controller 0]: preferred replicas by broker Map(1 -> Map([twitter-topic,1] -> List(1, 0)), 0 -> Map([twitter-topic,0] -> List(0, 1))) (kafka.controller.KafkaController)
[2017-04-25 01:31:08,955] DEBUG [Controller 0]: topics not in preferred replica Map() (kafka.controller.KafkaController)
[2017-04-25 01:31:08,955] TRACE [Controller 0]: leader imbalance ratio for broker 1 is 0.000000 (kafka.controller.KafkaController)
[2017-04-25 01:31:08,955] DEBUG [Controller 0]: topics not in preferred replica Map() (kafka.controller.KafkaController)
[2017-04-25 01:31:08,955] TRACE [Controller 0]: leader imbalance ratio for broker 0 is 0.000000 (kafka.controller.KafkaController)
[2017-04-25 01:34:38,998] INFO [Controller 2]: Controller starting up (kafka.controller.KafkaController)
[2017-04-25 01:34:39,012] INFO [Controller 2]: Controller startup complete (kafka.controller.KafkaController)
[2017-04-25 01:34:44,146] INFO [BrokerChangeListener on Controller 0]: Broker change listener fired for path /brokers/ids with children 0,1,2 (kafka.controller.ReplicaStateMachine$BrokerChangeListener)
[2017-04-25 01:34:44,180] INFO [BrokerChangeListener on Controller 0]: Newly added brokers: 2, deleted brokers: , all live brokers: 0,1,2 (kafka.controller.ReplicaStateMachine$BrokerChangeListener)
[2017-04-25 01:34:44,180] DEBUG [Channel manager on controller 0]: Controller 0 trying to connect to broker 2 (kafka.controller.ControllerChannelManager)
[2017-04-25 01:34:44,185] INFO [Controller 0]: New broker startup callback for 2 (kafka.controller.KafkaController)
[2017-04-25 01:34:44,201] INFO [Controller-0-to-broker-2-send-thread], Starting  (kafka.controller.RequestSendThread)
[2017-04-25 01:34:44,202] INFO [Controller-0-to-broker-2-send-thread], Controller 0 connected to 192.168.1.11:9094 (id: 2 rack: null) for sending state change requests (kafka.controller.RequestSendThread)
[2017-04-25 01:34:44,234] INFO [Controller-0-to-broker-0-send-thread], Controller 0 connected to 192.168.1.11:9092 (id: 0 rack: null) for sending state change requests (kafka.controller.RequestSendThread)
[2017-04-25 01:34:44,234] INFO [Controller-0-to-broker-1-send-thread], Controller 0 connected to 192.168.1.11:9093 (id: 1 rack: null) for sending state change requests (kafka.controller.RequestSendThread)
[2017-04-25 01:35:27,009] INFO [BrokerChangeListener on Controller 0]: Broker change listener fired for path /brokers/ids with children 0,1 (kafka.controller.ReplicaStateMachine$BrokerChangeListener)
[2017-04-25 01:35:27,022] INFO [BrokerChangeListener on Controller 0]: Newly added brokers: , deleted brokers: 2, all live brokers: 0,1 (kafka.controller.ReplicaStateMachine$BrokerChangeListener)
[2017-04-25 01:35:27,028] INFO [Controller-0-to-broker-2-send-thread], Shutting down (kafka.controller.RequestSendThread)
[2017-04-25 01:35:27,033] INFO [Controller-0-to-broker-2-send-thread], Stopped  (kafka.controller.RequestSendThread)
[2017-04-25 01:35:27,034] INFO [Controller-0-to-broker-2-send-thread], Shutdown completed (kafka.controller.RequestSendThread)
[2017-04-25 01:35:27,036] INFO [Controller 0]: Broker failure callback for 2 (kafka.controller.KafkaController)
[2017-04-25 01:35:27,041] INFO [Controller 0]: Removed ArrayBuffer() from list of shutting down brokers. (kafka.controller.KafkaController)
[2017-04-25 01:35:27,042] INFO [Partition state machine on Controller 0]: Invoking state change to OfflinePartition for partitions  (kafka.controller.PartitionStateMachine)
[2017-04-25 01:36:08,968] TRACE [Controller 0]: checking need to trigger partition rebalance (kafka.controller.KafkaController)
[2017-04-25 01:36:08,971] DEBUG [Controller 0]: preferred replicas by broker Map(1 -> Map([twitter-topic,1] -> List(1, 0)), 0 -> Map([twitter-topic,0] -> List(0, 1))) (kafka.controller.KafkaController)
[2017-04-25 01:36:08,971] DEBUG [Controller 0]: topics not in preferred replica Map() (kafka.controller.KafkaController)
[2017-04-25 01:36:08,971] TRACE [Controller 0]: leader imbalance ratio for broker 1 is 0.000000 (kafka.controller.KafkaController)
[2017-04-25 01:36:08,971] DEBUG [Controller 0]: topics not in preferred replica Map() (kafka.controller.KafkaController)
[2017-04-25 01:36:08,971] TRACE [Controller 0]: leader imbalance ratio for broker 0 is 0.000000 (kafka.controller.KafkaController)
